This is pdfTeX, Version 3.14159265-2.6-1.40.16 (MiKTeX 2.9) (preloaded format=pdflatex 2016.1.3)  17 MAY 2016 21:58
entering extended mode
**./Main.tex
(Main.tex
LaTeX2e <2015/10/01> patch level 2
Babel <3.9m> and hyphenation patterns for 69 languages loaded.
("C:\Users\Suzy\AppData\Local\Programs\MiKTeX 2.9\tex\latex\base\report.cls"
Document Class: report 2014/09/29 v1.4h Standard LaTeX document class
("C:\Users\Suzy\AppData\Local\Programs\MiKTeX 2.9\tex\latex\base\size12.clo"
File: size12.clo 2014/09/29 v1.4h Standard LaTeX file (size option)
)
\c@part=\count79
\c@chapter=\count80
\c@section=\count81
\c@subsection=\count82
\c@subsubsection=\count83
\c@paragraph=\count84
\c@subparagraph=\count85
\c@figure=\count86
\c@table=\count87
\abovecaptionskip=\skip41
\belowcaptionskip=\skip42
\bibindent=\dimen102
)
("C:\Users\Suzy\AppData\Local\Programs\MiKTeX 2.9\tex\latex\geometry\geometry.s
ty"
Package: geometry 2010/09/12 v5.6 Page Geometry

("C:\Users\Suzy\AppData\Local\Programs\MiKTeX 2.9\tex\latex\graphics\keyval.sty
"
Package: keyval 2014/10/28 v1.15 key=value parser (DPC)
\KV@toks@=\toks14
)
("C:\Users\Suzy\AppData\Local\Programs\MiKTeX 2.9\tex\generic\oberdiek\ifpdf.st
y"
Package: ifpdf 2011/01/30 v2.3 Provides the ifpdf switch (HO)
Package ifpdf Info: pdfTeX in PDF mode is detected.
)
("C:\Users\Suzy\AppData\Local\Programs\MiKTeX 2.9\tex\generic\oberdiek\ifvtex.s
ty"
Package: ifvtex 2010/03/01 v1.5 Detect VTeX and its facilities (HO)
Package ifvtex Info: VTeX not detected.
)
("C:\Users\Suzy\AppData\Local\Programs\MiKTeX 2.9\tex\generic\ifxetex\ifxetex.s
ty"
Package: ifxetex 2010/09/12 v0.6 Provides ifxetex conditional
)
\Gm@cnth=\count88
\Gm@cntv=\count89
\c@Gm@tempcnt=\count90
\Gm@bindingoffset=\dimen103
\Gm@wd@mp=\dimen104
\Gm@odd@mp=\dimen105
\Gm@even@mp=\dimen106
\Gm@layoutwidth=\dimen107
\Gm@layoutheight=\dimen108
\Gm@layouthoffset=\dimen109
\Gm@layoutvoffset=\dimen110
\Gm@dimlist=\toks15

("C:\Users\Suzy\AppData\Local\Programs\MiKTeX 2.9\tex\latex\geometry\geometry.c
fg"))
\@input{preamble.aux}
\openout2 = `preamble.aux'.

(preamble.tex
("C:\Users\Suzy\AppData\Local\Programs\MiKTeX 2.9\tex\latex\graphics\graphicx.s
ty"
Package: graphicx 2014/10/28 v1.0g Enhanced LaTeX Graphics (DPC,SPQR)

("C:\Users\Suzy\AppData\Local\Programs\MiKTeX 2.9\tex\latex\graphics\graphics.s
ty"
Package: graphics 2014/10/28 v1.0p Standard LaTeX Graphics (DPC,SPQR)

("C:\Users\Suzy\AppData\Local\Programs\MiKTeX 2.9\tex\latex\graphics\trig.sty"
Package: trig 1999/03/16 v1.09 sin cos tan (DPC)
)
("C:\Users\Suzy\AppData\Local\Programs\MiKTeX 2.9\tex\latex\00miktex\graphics.c
fg"
File: graphics.cfg 2007/01/18 v1.5 graphics configuration of teTeX/TeXLive
)
Package graphics Info: Driver file: pdftex.def on input line 94.

("C:\Users\Suzy\AppData\Local\Programs\MiKTeX 2.9\tex\latex\pdftex-def\pdftex.d
ef"
File: pdftex.def 2011/05/27 v0.06d Graphics/color for pdfTeX

("C:\Users\Suzy\AppData\Local\Programs\MiKTeX 2.9\tex\generic\oberdiek\infwarer
r.sty"
Package: infwarerr 2010/04/08 v1.3 Providing info/warning/error messages (HO)
)
("C:\Users\Suzy\AppData\Local\Programs\MiKTeX 2.9\tex\generic\oberdiek\ltxcmds.
sty"
Package: ltxcmds 2011/11/09 v1.22 LaTeX kernel commands for general use (HO)
)
\Gread@gobject=\count91
))
\Gin@req@height=\dimen111
\Gin@req@width=\dimen112
)
("C:\Users\Suzy\AppData\Local\Programs\MiKTeX 2.9\tex\latex\tools\verbatim.sty"
Package: verbatim 2014/10/28 v1.5q LaTeX2e package for verbatim enhancements
\every@verbatim=\toks16
\verbatim@line=\toks17
\verbatim@in@stream=\read1
) ("C:\Users\Suzy\AppData\Local\Programs\MiKTeX 2.9\tex\latex\base\latexsym.sty
"
Package: latexsym 1998/08/17 v2.2e Standard LaTeX package (lasy symbols)
\symlasy=\mathgroup4
LaTeX Font Info:    Overwriting symbol font `lasy' in version `bold'
(Font)                  U/lasy/m/n --> U/lasy/b/n on input line 52.
) (mathchars.sty)
("C:\Program Files (x86)\MiKTeX 2.9\tex\latex\setspace\setspace.sty"
Package: setspace 2011/12/19 v6.7a set line spacing
)
(blocked.sty) (uhead.sty) (boxit.sty) (UoB.sty)
("C:\Program Files (x86)\MiKTeX 2.9\tex\latex\natbib\natbib.sty"
Package: natbib 2010/09/13 8.31b (PWD, AO)
\bibhang=\skip43
\bibsep=\skip44
LaTeX Info: Redefining \cite on input line 694.
\c@NAT@ctr=\count92
)
("C:\Program Files (x86)\MiKTeX 2.9\tex\latex\threeparttable\threeparttable.sty
"
Package: threeparttable 2003/06/13  v 3.0
\@tempboxb=\box26
)
("C:\Users\Suzy\AppData\Local\Programs\MiKTeX 2.9\tex\latex\multirow\multirow.s
ty"
\bigstrutjot=\dimen113
) ("C:\Program Files (x86)\MiKTeX 2.9\tex\latex\booktabs\booktabs.sty"
Package: booktabs 2005/04/14 v1.61803 publication quality tables
\heavyrulewidth=\dimen114
\lightrulewidth=\dimen115
\cmidrulewidth=\dimen116
\belowrulesep=\dimen117
\belowbottomsep=\dimen118
\aboverulesep=\dimen119
\abovetopsep=\dimen120
\cmidrulesep=\dimen121
\cmidrulekern=\dimen122
\defaultaddspace=\dimen123
\@cmidla=\count93
\@cmidlb=\count94
\@aboverulesep=\dimen124
\@belowrulesep=\dimen125
\@thisruleclass=\count95
\@lastruleclass=\count96
\@thisrulewidth=\dimen126
)
\c@definition=\count97
\c@theorem=\count98
)
(Main.aux)
\openout1 = `Main.aux'.

LaTeX Font Info:    Checking defaults for OML/cmm/m/it on input line 6.
LaTeX Font Info:    ... okay on input line 6.
LaTeX Font Info:    Checking defaults for T1/cmr/m/n on input line 6.
LaTeX Font Info:    ... okay on input line 6.
LaTeX Font Info:    Checking defaults for OT1/cmr/m/n on input line 6.
LaTeX Font Info:    ... okay on input line 6.
LaTeX Font Info:    Checking defaults for OMS/cmsy/m/n on input line 6.
LaTeX Font Info:    ... okay on input line 6.
LaTeX Font Info:    Checking defaults for OMX/cmex/m/n on input line 6.
LaTeX Font Info:    ... okay on input line 6.
LaTeX Font Info:    Checking defaults for U/cmr/m/n on input line 6.
LaTeX Font Info:    ... okay on input line 6.

*geometry* driver: auto-detecting
*geometry* detected driver: pdftex
*geometry* verbose mode - [ preamble ] result:
* driver: pdftex
* paper: a4paper
* layout: <same size as paper>
* layoutoffset:(h,v)=(0.0pt,0.0pt)
* modes: twoside 
* h-part:(L,W,R)=(56.9055pt, 483.69687pt, 56.9055pt)
* v-part:(T,H,B)=(56.9055pt, 702.78308pt, 85.35826pt)
* \paperwidth=597.50787pt
* \paperheight=845.04684pt
* \textwidth=483.69687pt
* \textheight=702.78308pt
* \oddsidemargin=-15.36449pt
* \evensidemargin=-15.36449pt
* \topmargin=-52.36449pt
* \headheight=12.0pt
* \headsep=25.0pt
* \topskip=12.0pt
* \footskip=30.0pt
* \marginparwidth=85.0pt
* \marginparsep=10.0pt
* \columnsep=10.0pt
* \skip\footins=10.8pt plus 4.0pt minus 2.0pt
* \hoffset=0.0pt
* \voffset=0.0pt
* \mag=1000
* \@twocolumnfalse
* \@twosidetrue
* \@mparswitchtrue
* \@reversemarginfalse
* (1in=72.27pt=25.4mm, 1cm=28.453pt)

("C:\Program Files (x86)\MiKTeX 2.9\tex\context\base\supp-pdf.mkii"
[Loading MPS to PDF converter (version 2006.09.02).]
\scratchcounter=\count99
\scratchdimen=\dimen127
\scratchbox=\box27
\nofMPsegments=\count100
\nofMParguments=\count101
\everyMPshowfont=\toks18
\MPscratchCnt=\count102
\MPscratchDim=\dimen128
\MPnumerator=\count103
\makeMPintoPDFobject=\count104
\everyMPtoPDFconversion=\toks19
) <figures/cover.pdf, id=1, 521.95pt x 73.27374pt>
File: figures/cover.pdf Graphic file (type pdf)
 <use figures/cover.pdf>
Package pdftex.def Info: figures/cover.pdf used on input line 16.
(pdftex.def)             Requested size: 478.0176pt x 67.1063pt.

Overfull \vbox (95.76411pt too high) detected at line 16
 []

Missing character: There is no ‚ in font cmr10!
Missing character: There is no Ä in font cmr10!
Missing character: There is no ¢ in font cmr10!
Missing character: There is no ‚ in font cmr10!
Missing character: There is no Ä in font cmr10!
Missing character: There is no ¢ in font cmr10!
(abstract/abstract.tex [1



{C:/Users/Suzy/AppData/Local/MiKTeX/2.9/pdftex/config/pdftex.map} <./figures/co
ver.pdf>]
LaTeX Font Info:    Try loading font information for OMS+cmr on input line 7.

("C:\Users\Suzy\AppData\Local\Programs\MiKTeX 2.9\tex\latex\base\omscmr.fd"
File: omscmr.fd 2014/09/29 v2.5h Standard LaTeX font definitions
)
LaTeX Font Info:    Font shape `OMS/cmr/m/n' in size <12> not available
(Font)              Font shape `OMS/cmsy/m/n' tried instead on input line 7.
LaTeX Font Info:    External font `cmex10' loaded for size
(Font)              <12> on input line 8.
LaTeX Font Info:    External font `cmex10' loaded for size
(Font)              <8> on input line 8.
LaTeX Font Info:    External font `cmex10' loaded for size
(Font)              <6> on input line 8.
LaTeX Font Info:    Try loading font information for U+lasy on input line 8.

("C:\Users\Suzy\AppData\Local\Programs\MiKTeX 2.9\tex\latex\base\ulasy.fd"
File: ulasy.fd 1998/08/17 v2.2e LaTeX symbol font definitions
))
(acknowledgements/acknowledgements.tex [2]) [3

] (Main.toc
Overfull \hbox (13.11777pt too wide) in paragraph at lines 12--12
 [][] []\OT1/cmr/m/n/12 Investigating Pos-si-ble Bot-tle-necks in the Per-for-m
ance of CZTS (Cu$[]$ZnSnS$[]$) 
 []

[4

] [5])
\tf@toc=\write3
\openout3 = `Main.toc'.

 [6] (Main.lot)
\tf@lot=\write4
\openout4 = `Main.lot'.

 [7


] [8

] (Main.lof
Underfull \vbox (badness 2334) has occurred while \output is active []

 [9

]
Missing character: There is no ‚ in font cmr12!
Missing character: There is no Ä in font cmr12!
Missing character: There is no ô in font cmr12!

Overfull \hbox (6.02748pt too wide) in paragraph at lines 13--13
 [][] []\OT1/cmr/m/n/12 Internal quan-tum ef-fi-ciency (IQE) and pho-to-lu-mi-n
es-cence (PL) spec-tra of CZTSSe 
 []

[10])
\tf@lof=\write5
\openout5 = `Main.lof'.

 [11] [12

] (introduction/introduction.tex
Chapter 1.

Underfull \hbox (badness 10000) in paragraph at lines 7--9

 []

[1

] <figures/global_energy.png, id=68, 602.25pt x 455.7025pt>
File: figures/global_energy.png Graphic file (type png)

<use figures/global_energy.png>
Package pdftex.def Info: figures/global_energy.png used on input line 12.
(pdftex.def)             Requested size: 362.77264pt x 274.50833pt.
Missing character: There is no ‚ in font cmr12!
Missing character: There is no Ä in font cmr12!
Missing character: There is no ô in font cmr12!

Underfull \hbox (badness 10000) in paragraph at lines 17--19

 []

[2 <./figures/global_energy.png (PNG copy)>]
<figures/BIPV.jpg, id=72, 1013.2254pt x 673.7973pt>
File: figures/BIPV.jpg Graphic file (type jpg)
 <use figures/BIPV.jpg>
Package pdftex.def Info: figures/BIPV.jpg used on input line 22.
(pdftex.def)             Requested size: 362.77264pt x 241.24055pt.

Underfull \hbox (badness 10000) in paragraph at lines 27--28

 []

[3 <./figures/BIPV.jpg>] <figures/LCOE.png, id=76, 2092.81876pt x 1473.505pt>
File: figures/LCOE.png Graphic file (type png)

<use figures/LCOE.png>
Package pdftex.def Info: figures/LCOE.png used on input line 31.
(pdftex.def)             Requested size: 386.95897pt x 272.43677pt.

Underfull \hbox (badness 10000) in paragraph at lines 36--37

 []

[4 <./figures/LCOE.png>]
Underfull \hbox (badness 10000) in paragraph at lines 42--43

 []

<figures/PV_schematic.png, id=82, 293.095pt x 475.7775pt>
File: figures/PV_schematic.png Graphic file (type png)

<use figures/PV_schematic.png>
Package pdftex.def Info: figures/PV_schematic.png used on input line 47.
(pdftex.def)             Requested size: 217.66211pt x 353.32576pt.


LaTeX Warning: `!h' float specifier changed to `!ht'.

Missing character: There is no ‚ in font cmr12!
Missing character: There is no Ä in font cmr12!
Missing character: There is no ì in font cmr12!
[5] [6 <./figures/PV_schematic.png>]
Underfull \hbox (badness 10000) in paragraph at lines 76--83

 []

<figures/IV.png, id=90, 563.706pt x 291.489pt>
File: figures/IV.png Graphic file (type png)
 <use figures/IV.png>
Package pdftex.def Info: figures/IV.png used on input line 86.
(pdftex.def)             Requested size: 314.40001pt x 162.5789pt.
 [7 <./figures/IV.png>]
Underfull \hbox (badness 10000) in paragraph at lines 101--103

 []


Underfull \hbox (badness 10000) in paragraph at lines 104--105

 []


Underfull \hbox (badness 10000) in paragraph at lines 106--107

 []

[8]
Underfull \hbox (badness 10000) in paragraph at lines 111--112

 []


Underfull \hbox (badness 10000) in paragraph at lines 123--125

 []

[9] <figures/Si_cost.jpg, id=102, 652.4375pt x 806.01125pt>
File: figures/Si_cost.jpg Graphic file (type jpg)

<use figures/Si_cost.jpg>
Package pdftex.def Info: figures/Si_cost.jpg used on input line 128.
(pdftex.def)             Requested size: 338.58632pt x 418.29195pt.


LaTeX Warning: `!h' float specifier changed to `!ht'.


Underfull \hbox (badness 10000) in paragraph at lines 133--134

 []


Underfull \vbox (badness 3579) has occurred while \output is active []

 [10]
<figures/SQ_new.png, id=106, 626.34pt x 481.8pt>
File: figures/SQ_new.png Graphic file (type png)
 <use figures/SQ_new.png>
Package pdftex.def Info: figures/SQ_new.png used on input line 137.
(pdftex.def)             Requested size: 314.40001pt x 241.85512pt.


LaTeX Warning: `!h' float specifier changed to `!ht'.


Underfull \hbox (badness 10000) in paragraph at lines 143--146

 []


Underfull \vbox (badness 1448) has occurred while \output is active []

 [11 <./figures/Si_cost.jpg>]
<figures/PV_generations.png, id=110, 560.0925pt x 375.65344pt>
File: figures/PV_generations.png Graphic file (type png)

<use figures/PV_generations.png>
Package pdftex.def Info: figures/PV_generations.png used on input line 149.
(pdftex.def)             Requested size: 362.77264pt x 243.3235pt.


LaTeX Warning: `!h' float specifier changed to `!ht'.


Underfull \hbox (badness 10000) in paragraph at lines 155--160

 []


Underfull \vbox (badness 10000) has occurred while \output is active []

 [12 <./figures/SQ_new.png>]
Underfull \vbox (badness 10000) has occurred while \output is active []

 [13 <./figures/PV_generations.png>]
Underfull \vbox (badness 3579) has occurred while \output is active []

 [14]
Underfull \hbox (badness 10000) in paragraph at lines 175--176

 []


Underfull \hbox (badness 10000) in paragraph at lines 177--178

 []

[15]
Underfull \hbox (badness 10000) in paragraph at lines 179--180

 []


Underfull \hbox (badness 10000) in paragraph at lines 181--183

 []

[16]
Underfull \hbox (badness 10000) in paragraph at lines 184--190

 []


Underfull \vbox (badness 3579) has occurred while \output is active []

 [17]
<figures/solar_spectrum2.png, id=131, 875.27pt x 633.36626pt>
File: figures/solar_spectrum2.png Graphic file (type png)

<use figures/solar_spectrum2.png>
Package pdftex.def Info: figures/solar_spectrum2.png used on input line 193.
(pdftex.def)             Requested size: 459.51054pt x 332.5126pt.
Missing character: There is no ‚ in font cmr12!
Missing character: There is no Ä in font cmr12!
Missing character: There is no ô in font cmr12!
Missing character: There is no ‚ in font cmr12!
Missing character: There is no Ä in font cmr12!
Missing character: There is no ô in font cmr12!

Underfull \hbox (badness 10000) in paragraph at lines 198--199

 []

[18 <./figures/solar_spectrum2.png>]
LaTeX Font Info:    External font `cmex10' loaded for size
(Font)              <14.4> on input line 202.
LaTeX Font Info:    External font `cmex10' loaded for size
(Font)              <7> on input line 202.

Overfull \hbox (1.58762pt too wide) in paragraph at lines 202--202
[]\OT1/cmr/bx/n/14.4 Investigating Pos-si-ble Bot-tle-necks in the Per-for-manc
e of CZTS
 []

<figures/CZTS_cell.png, id=136, 547.8066pt x 358.941pt>
File: figures/CZTS_cell.png Graphic file (type png)

<use figures/CZTS_cell.png>
Package pdftex.def Info: figures/CZTS_cell.png used on input line 206.
(pdftex.def)             Requested size: 338.58632pt x 221.86195pt.


LaTeX Warning: `!h' float specifier changed to `!ht'.


Underfull \hbox (badness 10000) in paragraph at lines 211--214

 []


Underfull \vbox (badness 10000) has occurred while \output is active []

 [19]
[20 <./figures/CZTS_cell.png>]
<figures/kesterite_bottlenecks.png, id=147, 434.37282pt x 384.6872pt>
File: figures/kesterite_bottlenecks.png Graphic file (type png)

<use figures/kesterite_bottlenecks.png>
Package pdftex.def Info: figures/kesterite_bottlenecks.png used on input line 2
17.
(pdftex.def)             Requested size: 362.77264pt x 321.2919pt.

Underfull \hbox (badness 10000) in paragraph at lines 222--225

 []

[21 <./figures/kesterite_bottlenecks.png>] [22]
<figures/Voc.png, id=154, 465.23813pt x 370.38374pt>
File: figures/Voc.png Graphic file (type png)
 <use figures/Voc.png>
Package pdftex.def Info: figures/Voc.png used on input line 242.
(pdftex.def)             Requested size: 362.77264pt x 288.81903pt.

<figures/CZTS_PL.png, id=155, 468.7914pt x 367.1316pt>
File: figures/CZTS_PL.png Graphic file (type png)

<use figures/CZTS_PL.png>
Package pdftex.def Info: figures/CZTS_PL.png used on input line 250.
(pdftex.def)             Requested size: 362.77264pt x 284.1039pt.


LaTeX Warning: `!h' float specifier changed to `!ht'.


Package natbib Warning: Citation `PVTEAM_paper' on page 23 undefined on input l
ine 256.

[23 <./figures/Voc.png>]
Underfull \hbox (badness 10000) in paragraph at lines 263--268

 []


Underfull \vbox (badness 10000) has occurred while \output is active []

 [24 <./figures/CZTS_PL.png>] <figures/venn_diagram.png, id=163, 409.53pt x 298
.716pt>
File: figures/venn_diagram.png Graphic file (type png)

<use figures/venn_diagram.png>
Package pdftex.def Info: figures/venn_diagram.png used on input line 271.
(pdftex.def)             Requested size: 241.84843pt x 176.40955pt.


LaTeX Warning: `!h' float specifier changed to `!ht'.


Underfull \hbox (badness 10000) in paragraph at lines 276--279

 []

[25]
Underfull \vbox (badness 10000) has occurred while \output is active []

 [26 <./figures/venn_diagram.png>]
<figures/abundance.png, id=172, 608.9952pt x 429.2838pt>
File: figures/abundance.png Graphic file (type png)

<use figures/abundance.png>
Package pdftex.def Info: figures/abundance.png used on input line 282.
(pdftex.def)             Requested size: 338.58632pt x 238.67455pt.

Underfull \hbox (badness 10000) in paragraph at lines 287--290

 []

[27 <./figures/abundance.png>]
<figures/unit_cells.png, id=177, 722.7pt x 317.5062pt>
File: figures/unit_cells.png Graphic file (type png)

<use figures/unit_cells.png>
Package pdftex.def Info: figures/unit_cells.png used on input line 293.
(pdftex.def)             Requested size: 483.69687pt x 212.50517pt.


LaTeX Warning: Command \r invalid in math mode on input line 299.


Underfull \hbox (badness 10000) in paragraph at lines 298--301

 []

[28 <./figures/unit_cells.png>]
Underfull \hbox (badness 10000) in paragraph at lines 302--306

 []


Underfull \vbox (badness 3579) has occurred while \output is active []

 [29]

LaTeX Warning: No positions in optional float specifier.
               Default added (so using `tbp') on input line 308.

) (background/background.tex [30]
Chapter 2.

Underfull \hbox (badness 10000) in paragraph at lines 7--8

 []


Underfull \hbox (badness 10000) in paragraph at lines 9--10

 []


Underfull \hbox (badness 10000) in paragraph at lines 11--14

 []

[31

] <figures/Wigner-Seitz.png, id=192, 399.4122pt x 205.2468pt>
File: figures/Wigner-Seitz.png Graphic file (type png)

<use figures/Wigner-Seitz.png>
Package pdftex.def Info: figures/Wigner-Seitz.png used on input line 17.
(pdftex.def)             Requested size: 241.84843pt x 124.2796pt.
 [32 <./figures/Wigner-Seitz.png>]
Underfull \hbox (badness 10000) in paragraph at lines 27--28

 []


Underfull \hbox (badness 10000) in paragraph at lines 29--30

 []

[33]
Underfull \hbox (badness 10000) in paragraph at lines 47--49

 []

<figures/bs1.png, id=201, 690.4194pt x 388.8126pt>
File: figures/bs1.png Graphic file (type png)
 <use figures/bs1.png>
Package pdftex.def Info: figures/bs1.png used on input line 52.
(pdftex.def)             Requested size: 338.58632pt x 190.67409pt.


LaTeX Warning: `!h' float specifier changed to `!ht'.


Underfull \hbox (badness 10000) in paragraph at lines 57--58

 []


Underfull \vbox (badness 10000) has occurred while \output is active []

 [34]
Underfull \hbox (badness 10000) in paragraph at lines 59--61

 []


Underfull \vbox (badness 10000) has occurred while \output is active []

 [35 <./figures/bs1.png>] <figures/energy_dispersion.png, id=210, 508.7808pt x 
332.442pt>
File: figures/energy_dispersion.png Graphic file (type png)

<use figures/energy_dispersion.png>
Package pdftex.def Info: figures/energy_dispersion.png used on input line 64.
(pdftex.def)             Requested size: 193.47578pt x 126.42058pt.

Underfull \hbox (badness 10000) in paragraph at lines 69--70

 []

<figures/bs2.png, id=211, 638.8668pt x 410.9754pt>
File: figures/bs2.png Graphic file (type png)
 <use figures/bs2.png>
Package pdftex.def Info: figures/bs2.png used on input line 73.
(pdftex.def)             Requested size: 338.58632pt x 217.80965pt.


LaTeX Warning: `!h' float specifier changed to `!ht'.


Underfull \vbox (badness 2894) has occurred while \output is active []

 [36 <./figures/energy_dispersion.png>]
Underfull \hbox (badness 10000) in paragraph at lines 83--84

 []

[37 <./figures/bs2.png>]
Overfull \hbox (14.62434pt too wide) in paragraph at lines 87--88
[]\OT1/cmr/m/n/12 Mention many types of dis-or-der pos-si-ble for mul-ti-com-po
-nent, es-pe-cially for multi-component,
 []


Underfull \hbox (badness 10000) in paragraph at lines 94--95

 []


Package natbib Warning: Citation `characterization_book' on page 38 undefined o
n input line 98.


Package natbib Warning: Citation `Gerschon' on page 38 undefined on input line 
98.


Underfull \hbox (badness 10000) in paragraph at lines 107--108

 []

[38]
Underfull \hbox (badness 10000) in paragraph at lines 130--131

 []


Underfull \hbox (badness 10000) in paragraph at lines 140--143

 []

[39]
Underfull \hbox (badness 10000) in paragraph at lines 144--148

 []


Underfull \vbox (badness 1259) has occurred while \output is active []

 [40]
Underfull \hbox (badness 10000) in paragraph at lines 149--150

 []


Underfull \hbox (badness 10000) in paragraph at lines 151--154

 []

[41]) (methodology/methodology.tex [42]
Chapter 3.
LaTeX Font Info:    External font `cmex10' loaded for size
(Font)              <17.28> on input line 3.

Underfull \vbox (badness 3302) has occurred while \output is active []

 [43

]
Overfull \hbox (7.01085pt too wide) in paragraph at lines 41--41
[]\OT1/cmr/bx/n/17.28 Calculation of Op-to-elec-tronic Prop-er-ties of New Can-

 []

) (results/results.tex
Underfull \vbox (badness 1496) has occurred while \output is active []

 [44]
[45]
Chapter 4.

Overfull \hbox (21.81871pt too wide) in paragraph at lines 2--2
[]\OT1/cmr/bx/n/17.28 Investigation of Per-for-mance Bot-tle-necks in Cu$[]$ZnS
nS$[]$ 
 []


Overfull \hbox (14.44763pt too wide) in paragraph at lines 4--4
[]\OT1/cmr/bx/n/14.4 Band Tail-ing Due to Dis-or-der Amongst Cop-per and Zinc C
ations 
 []

) (conclusion/conclusion.tex
Underfull \vbox (badness 4621) has occurred while \output is active []

 [46

]
[47]
Chapter 5.
) (Main.bbl [48

]
Missing character: There is no ‚ in font cmr12!
Missing character: There is no Ç in font cmr12!
Missing character: There is no É in font cmr12!
 [49

] [50]
Missing character: There is no ‚ in font cmr12!
Missing character: There is no Ä in font cmr12!
Missing character: There is no î in font cmr12!
 [51] [52] [53] [54]
Missing character: There is no ‚ in font cmr12!
Missing character: There is no Ä in font cmr12!
Missing character: There is no ì in font cmr12!
Missing character: There is no ‚ in font cmr12!
Missing character: There is no Ä in font cmr12!
Missing character: There is no ì in font cmr12!
 [55]
Missing character: There is no ‚ in font cmr12!
Missing character: There is no Ä in font cmr12!
Missing character: There is no ê in font cmr12!
 [56] [57])

Package natbib Warning: There were undefined citations.

[58] (Main.aux)

LaTeX Warning: Label(s) may have changed. Rerun to get cross-references right.

 ) 
Here is how much of TeX's memory you used:
 2936 strings out of 493634
 42290 string characters out of 3135648
 104823 words of memory out of 3000000
 6228 multiletter control sequences out of 15000+200000
 13316 words of font info for 50 fonts, out of 3000000 for 9000
 1025 hyphenation exceptions out of 8191
 31i,14n,27p,1790b,725s stack positions out of 5000i,500n,10000p,200000b,50000s
<C:/Users/Suzy/AppData/Local/Programs/MiKTeX 2.9/fonts/type1/public/amsfonts/
cm/cmbx12.pfb><C:/Users/Suzy/AppData/Local/Programs/MiKTeX 2.9/fonts/type1/publ
ic/amsfonts/cm/cmbx8.pfb><C:/Users/Suzy/AppData/Local/Programs/MiKTeX 2.9/fonts
/type1/public/amsfonts/cm/cmex10.pfb><C:/Users/Suzy/AppData/Local/Programs/MiKT
eX 2.9/fonts/type1/public/amsfonts/cm/cmmi12.pfb><C:/Users/Suzy/AppData/Local/P
rograms/MiKTeX 2.9/fonts/type1/public/amsfonts/cm/cmmi8.pfb><C:/Users/Suzy/AppD
ata/Local/Programs/MiKTeX 2.9/fonts/type1/public/amsfonts/cm/cmr10.pfb><C:/User
s/Suzy/AppData/Local/Programs/MiKTeX 2.9/fonts/type1/public/amsfonts/cm/cmr12.p
fb><C:/Users/Suzy/AppData/Local/Programs/MiKTeX 2.9/fonts/type1/public/amsfonts
/cm/cmr17.pfb><C:/Users/Suzy/AppData/Local/Programs/MiKTeX 2.9/fonts/type1/publ
ic/amsfonts/cm/cmr8.pfb><C:/Users/Suzy/AppData/Local/Programs/MiKTeX 2.9/fonts/
type1/public/amsfonts/cm/cmsl12.pfb><C:/Users/Suzy/AppData/Local/Programs/MiKTe
X 2.9/fonts/type1/public/amsfonts/cm/cmsy10.pfb><C:/Users/Suzy/AppData/Local/Pr
ograms/MiKTeX 2.9/fonts/type1/public/amsfonts/cm/cmsy8.pfb><C:/Users/Suzy/AppDa
ta/Local/Programs/MiKTeX 2.9/fonts/type1/public/amsfonts/cm/cmti12.pfb>
Output written on Main.pdf (70 pages, 10018815 bytes).
PDF statistics:
 330 PDF objects out of 1000 (max. 8388607)
 0 named destinations out of 1000 (max. 500000)
 106 words of extra memory for PDF output out of 10000 (max. 10000000)

